<?xml version="1.0" encoding="UTF-8"?>
<!-- Generated by org.testng.reporters.JUnitXMLReporter -->
<testsuite hostname="NLHFD-LT1413" name="Default test" tests="3" failures="0" timestamp="30 Sep 2017 15:29:54 GMT" time="41.044" errors="0">
  <testcase name="Computer" time="17.493" classname="computers.ComputersEnv"/>
  <testcase name="Computer2" time="8.787" classname="computers.ComputersEnv"/>
  <testcase name="Computer3" time="14.744" classname="computers.ComputersEnv"/>
</testsuite> <!-- Default test -->
