<?xml version="1.0" encoding="UTF-8"?>
<testng-results skipped="0" failed="0" total="3" passed="3">
  <reporter-output>
  </reporter-output>
  <suite name="Default suite" duration-ms="41044" started-at="2017-09-30T15:29:13Z" finished-at="2017-09-30T15:29:54Z">
    <groups>
    </groups>
    <test name="Default test" duration-ms="41044" started-at="2017-09-30T15:29:13Z" finished-at="2017-09-30T15:29:54Z">
      <class name="computers.ComputersEnv">
        <test-method status="PASS" signature="initDriver()[pri:0, instance:computers.ComputersEnv@6ea12c19]" name="initDriver" is-config="true" duration-ms="3175" started-at="2017-09-30T17:29:10Z" finished-at="2017-09-30T17:29:13Z">
          <reporter-output>
          </reporter-output>
        </test-method> <!-- initDriver -->
        <test-method status="PASS" signature="Computer()[pri:0, instance:computers.ComputersEnv@6ea12c19]" name="Computer" duration-ms="17493" started-at="2017-09-30T17:29:13Z" finished-at="2017-09-30T17:29:31Z">
          <reporter-output>
          </reporter-output>
        </test-method> <!-- Computer -->
        <test-method status="PASS" signature="Computer2()[pri:0, instance:computers.ComputersEnv@6ea12c19]" name="Computer2" duration-ms="8787" started-at="2017-09-30T17:29:31Z" finished-at="2017-09-30T17:29:39Z">
          <reporter-output>
          </reporter-output>
        </test-method> <!-- Computer2 -->
        <test-method status="PASS" signature="Computer3()[pri:0, instance:computers.ComputersEnv@6ea12c19]" name="Computer3" duration-ms="14744" started-at="2017-09-30T17:29:39Z" finished-at="2017-09-30T17:29:54Z">
          <reporter-output>
          </reporter-output>
        </test-method> <!-- Computer3 -->
        <test-method status="PASS" signature="quitDriver()[pri:0, instance:computers.ComputersEnv@6ea12c19]" name="quitDriver" is-config="true" duration-ms="443" started-at="2017-09-30T17:29:54Z" finished-at="2017-09-30T17:29:55Z">
          <reporter-output>
          </reporter-output>
        </test-method> <!-- quitDriver -->
      </class> <!-- computers.ComputersEnv -->
    </test> <!-- Default test -->
  </suite> <!-- Default suite -->
</testng-results>
